<?xml version="1.0" encoding="UTF-8"?>
<!-- Generated by org.testng.reporters.JUnitReportReporter -->
<testsuite skipped="0" hostname="DT8" name="com.orangehrmlive.NewTestTest" tests="7" failures="0" timestamp="30 Sep 2019 12:29:35 GMT" time="23.326" errors="0">
  <testcase name="openbrowser" time="8.641" classname="com.orangehrmlive.NewTestTest"/>
  <testcase name="logintest" time="4.863" classname="com.orangehrmlive.NewTestTest"/>
  <testcase name="admintest" time="3.547" classname="com.orangehrmlive.NewTestTest"/>
  <testcase name="admin" time="0.031" classname="com.orangehrmlive.NewTestTest"/>
  <testcase name="pimtest" time="3.170" classname="com.orangehrmlive.NewTestTest"/>
  <testcase name="logout" time="2.974" classname="com.orangehrmlive.NewTestTest"/>
  <testcase name="closebrowser" time="0.100" classname="com.orangehrmlive.NewTestTest"/>
</testsuite> <!-- com.orangehrmlive.NewTestTest -->
