<?xml version="1.0" encoding="UTF-8"?>
<!-- Generated by org.testng.reporters.JUnitReportReporter -->
<testsuite skipped="0" hostname="DT8" name="com.orangehrmlive.NewTest" tests="1" failures="0" timestamp="30 Sep 2019 10:14:06 GMT" time="14.800" errors="0">
  <testcase name="f" time="14.800" classname="com.orangehrmlive.NewTest"/>
</testsuite> <!-- com.orangehrmlive.NewTest -->
